<?xml version="1.0" encoding="UTF-8"?>
<testng-results skipped="0" failed="0" ignored="0" total="1" passed="1">
  <reporter-output>
  </reporter-output>
  <suite name="Default suite" duration-ms="29838" started-at="2022-03-18T16:15:27Z" finished-at="2022-03-18T16:15:57Z">
    <groups>
    </groups>
    <test name="Default test" duration-ms="29838" started-at="2022-03-18T16:15:27Z" finished-at="2022-03-18T16:15:57Z">
      <class name="com.orangehrm.testcases.TC01_LoginFunctionality">
        <test-method status="PASS" signature="beforeSuite()[pri:0, instance:com.orangehrm.testcases.TC01_LoginFunctionality@13a5fe33]" name="beforeSuite" is-config="true" duration-ms="31" started-at="2022-03-18T16:15:27Z" finished-at="2022-03-18T16:15:27Z">
          <reporter-output>
          </reporter-output>
        </test-method> <!-- beforeSuite -->
        <test-method status="PASS" signature="beforeMethod(java.lang.reflect.Method)[pri:0, instance:com.orangehrm.testcases.TC01_LoginFunctionality@13a5fe33]" name="beforeMethod" is-config="true" duration-ms="13879" started-at="2022-03-18T16:15:27Z" finished-at="2022-03-18T16:15:41Z">
          <params>
            <param index="0">
              <value>
                <![CDATA[public void com.orangehrm.testcases.TC01_LoginFunctionality.validateLoginFunctionality()]]>
              </value>
            </param>
          </params>
          <reporter-output>
          </reporter-output>
        </test-method> <!-- beforeMethod -->
        <test-method status="PASS" signature="validateLoginFunctionality()[pri:0, instance:com.orangehrm.testcases.TC01_LoginFunctionality@13a5fe33]" name="validateLoginFunctionality" duration-ms="13467" started-at="2022-03-18T16:15:41Z" finished-at="2022-03-18T16:15:55Z">
          <reporter-output>
          </reporter-output>
        </test-method> <!-- validateLoginFunctionality -->
        <test-method status="PASS" signature="afterMethod()[pri:0, instance:com.orangehrm.testcases.TC01_LoginFunctionality@13a5fe33]" name="afterMethod" is-config="true" duration-ms="2419" started-at="2022-03-18T16:15:55Z" finished-at="2022-03-18T16:15:57Z">
          <reporter-output>
          </reporter-output>
        </test-method> <!-- afterMethod -->
        <test-method status="PASS" signature="afterSuite()[pri:0, instance:com.orangehrm.testcases.TC01_LoginFunctionality@13a5fe33]" name="afterSuite" is-config="true" duration-ms="0" started-at="2022-03-18T16:15:57Z" finished-at="2022-03-18T16:15:57Z">
          <reporter-output>
          </reporter-output>
        </test-method> <!-- afterSuite -->
      </class> <!-- com.orangehrm.testcases.TC01_LoginFunctionality -->
    </test> <!-- Default test -->
  </suite> <!-- Default suite -->
</testng-results>
